2020-04-10 16:47:56,302 INFO 28404 [egg:logger] init all loggers with options: {"dir":"/Users/yanchenyu/github/egg-ssr/logs/egg-ssr","encoding":"utf8","env":"local","level":"INFO","consoleLevel":"INFO","disableConsoleAfterReady":false,"outputJSON":false,"buffer":true,"appLogName":"egg-ssr-web.log","coreLogName":"egg-web.log","agentLogName":"egg-agent.log","errorLogName":"common-error.log","coreLogger":{"consoleLevel":"WARN"},"allowDebugAtProd":false,"type":"application"}
2020-04-10 16:47:56,326 INFO 28404 [egg-multipart] stream mode enable
2020-04-10 16:47:56,357 INFO 28404 [egg-static] starting static serve /public/ -> /Users/yanchenyu/github/egg-ssr/app/public
2020-04-10 16:47:56,359 INFO 28404 [egg-security] use csrf middleware
2020-04-10 16:47:56,359 INFO 28404 [egg-security] use methodnoallow middleware
2020-04-10 16:47:56,360 INFO 28404 [egg-security] use noopen middleware
2020-04-10 16:47:56,360 INFO 28404 [egg-security] use nosniff middleware
2020-04-10 16:47:56,360 INFO 28404 [egg-security] use xssProtection middleware
2020-04-10 16:47:56,360 INFO 28404 [egg-security] use xframe middleware
2020-04-10 16:47:56,361 INFO 28404 [egg-security] use dta middleware
2020-04-10 16:47:56,361 INFO 28404 [egg-security] compose 7 middlewares into one security middleware
2020-04-10 16:47:56,369 INFO 28404 [egg:core] dump config after load, 5ms
2020-04-10 16:48:56,440 INFO 28404 [egg:core] dump config after ready, 5ms
2020-04-10 16:50:21,554 INFO 28623 [egg:logger] init all loggers with options: {"dir":"/Users/yanchenyu/github/egg-ssr/logs/egg-ssr","encoding":"utf8","env":"local","level":"INFO","consoleLevel":"INFO","disableConsoleAfterReady":false,"outputJSON":false,"buffer":true,"appLogName":"egg-ssr-web.log","coreLogName":"egg-web.log","agentLogName":"egg-agent.log","errorLogName":"common-error.log","coreLogger":{"consoleLevel":"WARN"},"allowDebugAtProd":false,"type":"application"}
2020-04-10 16:50:21,578 INFO 28623 [egg-multipart] stream mode enable
2020-04-10 16:50:21,609 INFO 28623 [egg-static] starting static serve /public/ -> /Users/yanchenyu/github/egg-ssr/app/public
2020-04-10 16:50:21,612 INFO 28623 [egg-security] use csrf middleware
2020-04-10 16:50:21,612 INFO 28623 [egg-security] use methodnoallow middleware
2020-04-10 16:50:21,612 INFO 28623 [egg-security] use noopen middleware
2020-04-10 16:50:21,613 INFO 28623 [egg-security] use nosniff middleware
2020-04-10 16:50:21,613 INFO 28623 [egg-security] use xssProtection middleware
2020-04-10 16:50:21,613 INFO 28623 [egg-security] use xframe middleware
2020-04-10 16:50:21,613 INFO 28623 [egg-security] use dta middleware
2020-04-10 16:50:21,613 INFO 28623 [egg-security] compose 7 middlewares into one security middleware
2020-04-10 16:50:21,622 INFO 28623 [egg:core] dump config after load, 5ms
2020-04-10 16:51:21,728 INFO 28623 [egg:core] dump config after ready, 5ms
2020-04-10 16:53:28,057 INFO 28676 [egg:logger] init all loggers with options: {"dir":"/Users/yanchenyu/github/egg-ssr/logs/egg-ssr","encoding":"utf8","env":"local","level":"INFO","consoleLevel":"INFO","disableConsoleAfterReady":false,"outputJSON":false,"buffer":true,"appLogName":"egg-ssr-web.log","coreLogName":"egg-web.log","agentLogName":"egg-agent.log","errorLogName":"common-error.log","coreLogger":{"consoleLevel":"WARN"},"allowDebugAtProd":false,"type":"application"}
2020-04-10 16:53:28,083 INFO 28676 [egg-multipart] stream mode enable
2020-04-10 16:53:28,117 INFO 28676 [egg-static] starting static serve /public/ -> /Users/yanchenyu/github/egg-ssr/app/public
2020-04-10 16:53:28,119 INFO 28676 [egg-security] use csrf middleware
2020-04-10 16:53:28,120 INFO 28676 [egg-security] use methodnoallow middleware
2020-04-10 16:53:28,120 INFO 28676 [egg-security] use noopen middleware
2020-04-10 16:53:28,120 INFO 28676 [egg-security] use nosniff middleware
2020-04-10 16:53:28,121 INFO 28676 [egg-security] use xssProtection middleware
2020-04-10 16:53:28,121 INFO 28676 [egg-security] use xframe middleware
2020-04-10 16:53:28,121 INFO 28676 [egg-security] use dta middleware
2020-04-10 16:53:28,121 INFO 28676 [egg-security] compose 7 middlewares into one security middleware
2020-04-10 16:53:28,130 INFO 28676 [egg:core] dump config after load, 5ms
2020-04-10 16:54:28,206 INFO 28676 [egg:core] dump config after ready, 5ms
2020-04-10 17:01:36,469 INFO 28929 [egg:logger] init all loggers with options: {"dir":"/Users/yanchenyu/github/egg-ssr/logs/egg-ssr","encoding":"utf8","env":"local","level":"INFO","consoleLevel":"INFO","disableConsoleAfterReady":false,"outputJSON":false,"buffer":true,"appLogName":"egg-ssr-web.log","coreLogName":"egg-web.log","agentLogName":"egg-agent.log","errorLogName":"common-error.log","coreLogger":{"consoleLevel":"WARN"},"allowDebugAtProd":false,"type":"application"}
2020-04-10 17:01:36,494 INFO 28929 [egg-multipart] stream mode enable
2020-04-10 17:01:36,524 INFO 28929 [egg-static] starting static serve /public/ -> /Users/yanchenyu/github/egg-ssr/app/public
2020-04-10 17:01:36,526 INFO 28929 [egg-security] use csrf middleware
2020-04-10 17:01:36,526 INFO 28929 [egg-security] use methodnoallow middleware
2020-04-10 17:01:36,526 INFO 28929 [egg-security] use noopen middleware
2020-04-10 17:01:36,527 INFO 28929 [egg-security] use nosniff middleware
2020-04-10 17:01:36,527 INFO 28929 [egg-security] use xssProtection middleware
2020-04-10 17:01:36,527 INFO 28929 [egg-security] use xframe middleware
2020-04-10 17:01:36,527 INFO 28929 [egg-security] use dta middleware
2020-04-10 17:01:36,527 INFO 28929 [egg-security] compose 7 middlewares into one security middleware
2020-04-10 17:01:36,536 INFO 28929 [egg:core] dump config after load, 4ms
2020-04-10 17:02:17,671 INFO 28956 [egg:logger] init all loggers with options: {"dir":"/Users/yanchenyu/github/egg-ssr/logs/egg-ssr","encoding":"utf8","env":"local","level":"INFO","consoleLevel":"INFO","disableConsoleAfterReady":false,"outputJSON":false,"buffer":true,"appLogName":"egg-ssr-web.log","coreLogName":"egg-web.log","agentLogName":"egg-agent.log","errorLogName":"common-error.log","coreLogger":{"consoleLevel":"WARN"},"allowDebugAtProd":false,"type":"application"}
2020-04-10 17:02:17,699 INFO 28956 [egg-multipart] stream mode enable
2020-04-10 17:02:17,729 INFO 28956 [egg-static] starting static serve /public/ -> /Users/yanchenyu/github/egg-ssr/app/public
2020-04-10 17:02:17,731 INFO 28956 [egg-security] use csrf middleware
2020-04-10 17:02:17,732 INFO 28956 [egg-security] use methodnoallow middleware
2020-04-10 17:02:17,732 INFO 28956 [egg-security] use noopen middleware
2020-04-10 17:02:17,732 INFO 28956 [egg-security] use nosniff middleware
2020-04-10 17:02:17,733 INFO 28956 [egg-security] use xssProtection middleware
2020-04-10 17:02:17,733 INFO 28956 [egg-security] use xframe middleware
2020-04-10 17:02:17,733 INFO 28956 [egg-security] use dta middleware
2020-04-10 17:02:17,733 INFO 28956 [egg-security] compose 7 middlewares into one security middleware
2020-04-10 17:02:17,741 INFO 28956 [egg:core] dump config after load, 4ms
2020-04-10 17:03:17,809 INFO 28956 [egg:core] dump config after ready, 5ms
2020-04-10 17:06:24,105 INFO 29148 [egg:logger] init all loggers with options: {"dir":"/Users/yanchenyu/github/egg-ssr/logs/egg-ssr","encoding":"utf8","env":"local","level":"INFO","consoleLevel":"INFO","disableConsoleAfterReady":false,"outputJSON":false,"buffer":true,"appLogName":"egg-ssr-web.log","coreLogName":"egg-web.log","agentLogName":"egg-agent.log","errorLogName":"common-error.log","coreLogger":{"consoleLevel":"WARN"},"allowDebugAtProd":false,"type":"application"}
2020-04-10 17:06:24,129 INFO 29148 [egg-multipart] stream mode enable
2020-04-10 17:06:24,165 INFO 29148 [egg-static] starting static serve /public/ -> /Users/yanchenyu/github/egg-ssr/app/public
2020-04-10 17:06:24,167 INFO 29148 [egg-security] use csrf middleware
2020-04-10 17:06:24,168 INFO 29148 [egg-security] use methodnoallow middleware
2020-04-10 17:06:24,168 INFO 29148 [egg-security] use noopen middleware
2020-04-10 17:06:24,168 INFO 29148 [egg-security] use nosniff middleware
2020-04-10 17:06:24,169 INFO 29148 [egg-security] use xssProtection middleware
2020-04-10 17:06:24,169 INFO 29148 [egg-security] use xframe middleware
2020-04-10 17:06:24,169 INFO 29148 [egg-security] use dta middleware
2020-04-10 17:06:24,169 INFO 29148 [egg-security] compose 7 middlewares into one security middleware
2020-04-10 17:06:24,178 INFO 29148 [egg:core] dump config after load, 5ms
2020-04-10 17:06:42,920 INFO 29171 [egg:logger] init all loggers with options: {"dir":"/Users/yanchenyu/github/egg-ssr/logs/egg-ssr","encoding":"utf8","env":"local","level":"INFO","consoleLevel":"INFO","disableConsoleAfterReady":false,"outputJSON":false,"buffer":true,"appLogName":"egg-ssr-web.log","coreLogName":"egg-web.log","agentLogName":"egg-agent.log","errorLogName":"common-error.log","coreLogger":{"consoleLevel":"WARN"},"allowDebugAtProd":false,"type":"application"}
2020-04-10 17:06:42,945 INFO 29171 [egg-multipart] stream mode enable
2020-04-10 17:06:42,977 INFO 29171 [egg-static] starting static serve /public/ -> /Users/yanchenyu/github/egg-ssr/app/public
2020-04-10 17:06:42,980 INFO 29171 [egg-security] use csrf middleware
2020-04-10 17:06:42,980 INFO 29171 [egg-security] use methodnoallow middleware
2020-04-10 17:06:42,980 INFO 29171 [egg-security] use noopen middleware
2020-04-10 17:06:42,981 INFO 29171 [egg-security] use nosniff middleware
2020-04-10 17:06:42,981 INFO 29171 [egg-security] use xssProtection middleware
2020-04-10 17:06:42,981 INFO 29171 [egg-security] use xframe middleware
2020-04-10 17:06:42,981 INFO 29171 [egg-security] use dta middleware
2020-04-10 17:06:42,982 INFO 29171 [egg-security] compose 7 middlewares into one security middleware
2020-04-10 17:06:42,990 INFO 29171 [egg:core] dump config after load, 5ms
2020-04-10 17:06:49,117 INFO 29177 [egg:logger] init all loggers with options: {"dir":"/Users/yanchenyu/github/egg-ssr/logs/egg-ssr","encoding":"utf8","env":"local","level":"INFO","consoleLevel":"INFO","disableConsoleAfterReady":false,"outputJSON":false,"buffer":true,"appLogName":"egg-ssr-web.log","coreLogName":"egg-web.log","agentLogName":"egg-agent.log","errorLogName":"common-error.log","coreLogger":{"consoleLevel":"WARN"},"allowDebugAtProd":false,"type":"application"}
2020-04-10 17:06:49,142 INFO 29177 [egg-multipart] stream mode enable
2020-04-10 17:06:49,173 INFO 29177 [egg-static] starting static serve /public/ -> /Users/yanchenyu/github/egg-ssr/app/public
2020-04-10 17:06:49,175 INFO 29177 [egg-security] use csrf middleware
2020-04-10 17:06:49,176 INFO 29177 [egg-security] use methodnoallow middleware
2020-04-10 17:06:49,176 INFO 29177 [egg-security] use noopen middleware
2020-04-10 17:06:49,176 INFO 29177 [egg-security] use nosniff middleware
2020-04-10 17:06:49,176 INFO 29177 [egg-security] use xssProtection middleware
2020-04-10 17:06:49,177 INFO 29177 [egg-security] use xframe middleware
2020-04-10 17:06:49,177 INFO 29177 [egg-security] use dta middleware
2020-04-10 17:06:49,177 INFO 29177 [egg-security] compose 7 middlewares into one security middleware
2020-04-10 17:06:49,186 INFO 29177 [egg:core] dump config after load, 5ms
2020-04-10 17:07:49,268 INFO 29177 [egg:core] dump config after ready, 5ms
2020-04-10 17:18:22,333 INFO 29682 [egg:logger] init all loggers with options: {"dir":"/Users/yanchenyu/github/egg-ssr/logs/egg-ssr","encoding":"utf8","env":"local","level":"INFO","consoleLevel":"INFO","disableConsoleAfterReady":false,"outputJSON":false,"buffer":true,"appLogName":"egg-ssr-web.log","coreLogName":"egg-web.log","agentLogName":"egg-agent.log","errorLogName":"common-error.log","coreLogger":{"consoleLevel":"WARN"},"allowDebugAtProd":false,"type":"application"}
2020-04-10 17:18:22,364 INFO 29682 [egg-multipart] stream mode enable
2020-04-10 17:18:22,425 INFO 29682 [egg-static] starting static serve /public/ -> /Users/yanchenyu/github/egg-ssr/app/public
2020-04-10 17:18:22,428 INFO 29682 [egg-security] use csrf middleware
2020-04-10 17:18:22,429 INFO 29682 [egg-security] use methodnoallow middleware
2020-04-10 17:18:22,429 INFO 29682 [egg-security] use noopen middleware
2020-04-10 17:18:22,429 INFO 29682 [egg-security] use nosniff middleware
2020-04-10 17:18:22,430 INFO 29682 [egg-security] use xssProtection middleware
2020-04-10 17:18:22,430 INFO 29682 [egg-security] use xframe middleware
2020-04-10 17:18:22,430 INFO 29682 [egg-security] use dta middleware
2020-04-10 17:18:22,430 INFO 29682 [egg-security] compose 7 middlewares into one security middleware
2020-04-10 17:18:22,440 INFO 29682 [egg:core] dump config after load, 5ms
2020-04-10 17:19:22,526 INFO 29682 [egg:core] dump config after ready, 5ms
2020-04-10 17:25:40,320 INFO 29876 [egg:logger] init all loggers with options: {"dir":"/Users/yanchenyu/github/egg-ssr/logs/egg-ssr","encoding":"utf8","env":"local","level":"INFO","consoleLevel":"INFO","disableConsoleAfterReady":false,"outputJSON":false,"buffer":true,"appLogName":"egg-ssr-web.log","coreLogName":"egg-web.log","agentLogName":"egg-agent.log","errorLogName":"common-error.log","coreLogger":{"consoleLevel":"WARN"},"allowDebugAtProd":false,"type":"application"}
2020-04-10 17:25:40,347 INFO 29876 [egg-multipart] stream mode enable
2020-04-10 17:25:40,380 INFO 29876 [egg-static] starting static serve /public/ -> /Users/yanchenyu/github/egg-ssr/app/public
2020-04-10 17:25:40,382 INFO 29876 [egg-security] use csrf middleware
2020-04-10 17:25:40,383 INFO 29876 [egg-security] use methodnoallow middleware
2020-04-10 17:25:40,383 INFO 29876 [egg-security] use noopen middleware
2020-04-10 17:25:40,383 INFO 29876 [egg-security] use nosniff middleware
2020-04-10 17:25:40,384 INFO 29876 [egg-security] use xssProtection middleware
2020-04-10 17:25:40,384 INFO 29876 [egg-security] use xframe middleware
2020-04-10 17:25:40,384 INFO 29876 [egg-security] use dta middleware
2020-04-10 17:25:40,384 INFO 29876 [egg-security] compose 7 middlewares into one security middleware
2020-04-10 17:25:40,393 INFO 29876 [egg:core] dump config after load, 5ms
2020-04-10 17:25:55,505 INFO 29895 [egg:logger] init all loggers with options: {"dir":"/Users/yanchenyu/github/egg-ssr/logs/egg-ssr","encoding":"utf8","env":"local","level":"INFO","consoleLevel":"INFO","disableConsoleAfterReady":false,"outputJSON":false,"buffer":true,"appLogName":"egg-ssr-web.log","coreLogName":"egg-web.log","agentLogName":"egg-agent.log","errorLogName":"common-error.log","coreLogger":{"consoleLevel":"WARN"},"allowDebugAtProd":false,"type":"application"}
2020-04-10 17:25:55,533 INFO 29895 [egg-multipart] stream mode enable
2020-04-10 17:25:55,569 INFO 29895 [egg-static] starting static serve /public/ -> /Users/yanchenyu/github/egg-ssr/app/public
2020-04-10 17:25:55,572 INFO 29895 [egg-security] use csrf middleware
2020-04-10 17:25:55,572 INFO 29895 [egg-security] use methodnoallow middleware
2020-04-10 17:25:55,573 INFO 29895 [egg-security] use noopen middleware
2020-04-10 17:25:55,573 INFO 29895 [egg-security] use nosniff middleware
2020-04-10 17:25:55,573 INFO 29895 [egg-security] use xssProtection middleware
2020-04-10 17:25:55,573 INFO 29895 [egg-security] use xframe middleware
2020-04-10 17:25:55,574 INFO 29895 [egg-security] use dta middleware
2020-04-10 17:25:55,574 INFO 29895 [egg-security] compose 7 middlewares into one security middleware
2020-04-10 17:25:55,583 INFO 29895 [egg:core] dump config after load, 5ms
2020-04-10 17:26:24,375 INFO 29931 [egg:logger] init all loggers with options: {"dir":"/Users/yanchenyu/github/egg-ssr/logs/egg-ssr","encoding":"utf8","env":"local","level":"INFO","consoleLevel":"INFO","disableConsoleAfterReady":false,"outputJSON":false,"buffer":true,"appLogName":"egg-ssr-web.log","coreLogName":"egg-web.log","agentLogName":"egg-agent.log","errorLogName":"common-error.log","coreLogger":{"consoleLevel":"WARN"},"allowDebugAtProd":false,"type":"application"}
2020-04-10 17:26:24,399 INFO 29931 [egg-multipart] stream mode enable
2020-04-10 17:26:24,430 INFO 29931 [egg-static] starting static serve /public/ -> /Users/yanchenyu/github/egg-ssr/app/public
2020-04-10 17:26:24,433 INFO 29931 [egg-security] use csrf middleware
2020-04-10 17:26:24,433 INFO 29931 [egg-security] use methodnoallow middleware
2020-04-10 17:26:24,433 INFO 29931 [egg-security] use noopen middleware
2020-04-10 17:26:24,434 INFO 29931 [egg-security] use nosniff middleware
2020-04-10 17:26:24,434 INFO 29931 [egg-security] use xssProtection middleware
2020-04-10 17:26:24,434 INFO 29931 [egg-security] use xframe middleware
2020-04-10 17:26:24,434 INFO 29931 [egg-security] use dta middleware
2020-04-10 17:26:24,434 INFO 29931 [egg-security] compose 7 middlewares into one security middleware
2020-04-10 17:26:24,442 INFO 29931 [egg:core] dump config after load, 4ms
2020-04-10 17:27:24,527 INFO 29931 [egg:core] dump config after ready, 5ms
2020-04-10 17:30:53,731 INFO 30103 [egg:logger] init all loggers with options: {"dir":"/Users/yanchenyu/github/egg-ssr/logs/egg-ssr","encoding":"utf8","env":"local","level":"INFO","consoleLevel":"INFO","disableConsoleAfterReady":false,"outputJSON":false,"buffer":true,"appLogName":"egg-ssr-web.log","coreLogName":"egg-web.log","agentLogName":"egg-agent.log","errorLogName":"common-error.log","coreLogger":{"consoleLevel":"WARN"},"allowDebugAtProd":false,"type":"application"}
2020-04-10 17:30:53,756 INFO 30103 [egg-multipart] stream mode enable
2020-04-10 17:30:53,786 INFO 30103 [egg-static] starting static serve /public/ -> /Users/yanchenyu/github/egg-ssr/app/public
2020-04-10 17:30:53,788 INFO 30103 [egg-security] use csrf middleware
2020-04-10 17:30:53,789 INFO 30103 [egg-security] use methodnoallow middleware
2020-04-10 17:30:53,789 INFO 30103 [egg-security] use noopen middleware
2020-04-10 17:30:53,789 INFO 30103 [egg-security] use nosniff middleware
2020-04-10 17:30:53,790 INFO 30103 [egg-security] use xssProtection middleware
2020-04-10 17:30:53,790 INFO 30103 [egg-security] use xframe middleware
2020-04-10 17:30:53,790 INFO 30103 [egg-security] use dta middleware
2020-04-10 17:30:53,790 INFO 30103 [egg-security] compose 7 middlewares into one security middleware
2020-04-10 17:30:53,798 INFO 30103 [egg:core] dump config after load, 4ms
2020-04-10 17:33:01,639 INFO 30198 [egg:logger] init all loggers with options: {"dir":"/Users/yanchenyu/github/egg-ssr/logs/egg-ssr","encoding":"utf8","env":"local","level":"INFO","consoleLevel":"INFO","disableConsoleAfterReady":false,"outputJSON":false,"buffer":true,"appLogName":"egg-ssr-web.log","coreLogName":"egg-web.log","agentLogName":"egg-agent.log","errorLogName":"common-error.log","coreLogger":{"consoleLevel":"WARN"},"allowDebugAtProd":false,"type":"application"}
2020-04-10 17:33:01,663 INFO 30198 [egg-multipart] stream mode enable
2020-04-10 17:33:01,695 INFO 30198 [egg-static] starting static serve /public/ -> /Users/yanchenyu/github/egg-ssr/app/public
2020-04-10 17:33:01,697 INFO 30198 [egg-security] use csrf middleware
2020-04-10 17:33:01,697 INFO 30198 [egg-security] use methodnoallow middleware
2020-04-10 17:33:01,698 INFO 30198 [egg-security] use noopen middleware
2020-04-10 17:33:01,698 INFO 30198 [egg-security] use nosniff middleware
2020-04-10 17:33:01,698 INFO 30198 [egg-security] use xssProtection middleware
2020-04-10 17:33:01,699 INFO 30198 [egg-security] use xframe middleware
2020-04-10 17:33:01,699 INFO 30198 [egg-security] use dta middleware
2020-04-10 17:33:01,699 INFO 30198 [egg-security] compose 7 middlewares into one security middleware
2020-04-10 17:33:01,707 INFO 30198 [egg:core] dump config after load, 4ms
2020-04-10 17:36:02,255 INFO 30361 [egg:logger] init all loggers with options: {"dir":"/Users/yanchenyu/github/egg-ssr/logs/egg-ssr","encoding":"utf8","env":"local","level":"INFO","consoleLevel":"INFO","disableConsoleAfterReady":false,"outputJSON":false,"buffer":true,"appLogName":"egg-ssr-web.log","coreLogName":"egg-web.log","agentLogName":"egg-agent.log","errorLogName":"common-error.log","coreLogger":{"consoleLevel":"WARN"},"allowDebugAtProd":false,"type":"application"}
2020-04-10 17:36:02,280 INFO 30361 [egg-multipart] stream mode enable
2020-04-10 17:36:02,311 INFO 30361 [egg-static] starting static serve /public/ -> /Users/yanchenyu/github/egg-ssr/app/public
2020-04-10 17:36:02,313 INFO 30361 [egg-security] use csrf middleware
2020-04-10 17:36:02,313 INFO 30361 [egg-security] use methodnoallow middleware
2020-04-10 17:36:02,313 INFO 30361 [egg-security] use noopen middleware
2020-04-10 17:36:02,314 INFO 30361 [egg-security] use nosniff middleware
2020-04-10 17:36:02,314 INFO 30361 [egg-security] use xssProtection middleware
2020-04-10 17:36:02,314 INFO 30361 [egg-security] use xframe middleware
2020-04-10 17:36:02,314 INFO 30361 [egg-security] use dta middleware
2020-04-10 17:36:02,314 INFO 30361 [egg-security] compose 7 middlewares into one security middleware
2020-04-10 17:36:02,322 INFO 30361 [egg:core] dump config after load, 4ms
2020-04-10 17:38:39,065 INFO 30479 [egg:logger] init all loggers with options: {"dir":"/Users/yanchenyu/github/egg-ssr/logs/egg-ssr","encoding":"utf8","env":"local","level":"INFO","consoleLevel":"INFO","disableConsoleAfterReady":false,"outputJSON":false,"buffer":true,"appLogName":"egg-ssr-web.log","coreLogName":"egg-web.log","agentLogName":"egg-agent.log","errorLogName":"common-error.log","coreLogger":{"consoleLevel":"WARN"},"allowDebugAtProd":false,"type":"application"}
2020-04-10 17:38:39,090 INFO 30479 [egg-multipart] stream mode enable
2020-04-10 17:38:39,123 INFO 30479 [egg-static] starting static serve /public/ -> /Users/yanchenyu/github/egg-ssr/app/public
2020-04-10 17:38:39,125 INFO 30479 [egg-security] use csrf middleware
2020-04-10 17:38:39,126 INFO 30479 [egg-security] use methodnoallow middleware
2020-04-10 17:38:39,126 INFO 30479 [egg-security] use noopen middleware
2020-04-10 17:38:39,126 INFO 30479 [egg-security] use nosniff middleware
2020-04-10 17:38:39,126 INFO 30479 [egg-security] use xssProtection middleware
2020-04-10 17:38:39,127 INFO 30479 [egg-security] use xframe middleware
2020-04-10 17:38:39,127 INFO 30479 [egg-security] use dta middleware
2020-04-10 17:38:39,127 INFO 30479 [egg-security] compose 7 middlewares into one security middleware
2020-04-10 17:38:39,134 INFO 30479 [egg:core] dump config after load, 4ms
2020-04-10 17:40:18,308 INFO 30536 [egg:logger] init all loggers with options: {"dir":"/Users/yanchenyu/github/egg-ssr/logs/egg-ssr","encoding":"utf8","env":"local","level":"INFO","consoleLevel":"INFO","disableConsoleAfterReady":false,"outputJSON":false,"buffer":true,"appLogName":"egg-ssr-web.log","coreLogName":"egg-web.log","agentLogName":"egg-agent.log","errorLogName":"common-error.log","coreLogger":{"consoleLevel":"WARN"},"allowDebugAtProd":false,"type":"application"}
2020-04-10 17:40:18,333 INFO 30536 [egg-multipart] stream mode enable
2020-04-10 17:40:18,364 INFO 30536 [egg-static] starting static serve /public/ -> /Users/yanchenyu/github/egg-ssr/app/public
2020-04-10 17:40:18,366 INFO 30536 [egg-security] use csrf middleware
2020-04-10 17:40:18,367 INFO 30536 [egg-security] use methodnoallow middleware
2020-04-10 17:40:18,367 INFO 30536 [egg-security] use noopen middleware
2020-04-10 17:40:18,367 INFO 30536 [egg-security] use nosniff middleware
2020-04-10 17:40:18,367 INFO 30536 [egg-security] use xssProtection middleware
2020-04-10 17:40:18,368 INFO 30536 [egg-security] use xframe middleware
2020-04-10 17:40:18,368 INFO 30536 [egg-security] use dta middleware
2020-04-10 17:40:18,368 INFO 30536 [egg-security] compose 7 middlewares into one security middleware
2020-04-10 17:40:18,375 INFO 30536 [egg:core] dump config after load, 4ms
2020-04-10 17:40:46,546 INFO 30860 [egg:logger] init all loggers with options: {"dir":"/Users/yanchenyu/github/egg-ssr/logs/egg-ssr","encoding":"utf8","env":"local","level":"INFO","consoleLevel":"INFO","disableConsoleAfterReady":false,"outputJSON":false,"buffer":true,"appLogName":"egg-ssr-web.log","coreLogName":"egg-web.log","agentLogName":"egg-agent.log","errorLogName":"common-error.log","coreLogger":{"consoleLevel":"WARN"},"allowDebugAtProd":false,"type":"application"}
2020-04-10 17:40:46,571 INFO 30860 [egg-multipart] stream mode enable
2020-04-10 17:40:46,602 INFO 30860 [egg-static] starting static serve /public/ -> /Users/yanchenyu/github/egg-ssr/app/public
2020-04-10 17:40:46,605 INFO 30860 [egg-security] use csrf middleware
2020-04-10 17:40:46,605 INFO 30860 [egg-security] use methodnoallow middleware
2020-04-10 17:40:46,605 INFO 30860 [egg-security] use noopen middleware
2020-04-10 17:40:46,606 INFO 30860 [egg-security] use nosniff middleware
2020-04-10 17:40:46,606 INFO 30860 [egg-security] use xssProtection middleware
2020-04-10 17:40:46,606 INFO 30860 [egg-security] use xframe middleware
2020-04-10 17:40:46,606 INFO 30860 [egg-security] use dta middleware
2020-04-10 17:40:46,606 INFO 30860 [egg-security] compose 7 middlewares into one security middleware
2020-04-10 17:40:46,614 INFO 30860 [egg:core] dump config after load, 4ms
2020-04-13 10:42:17,717 INFO 56998 [egg:logger] init all loggers with options: {"dir":"/Users/yanchenyu/github/egg-ssr/logs/egg-ssr","encoding":"utf8","env":"local","level":"INFO","consoleLevel":"INFO","disableConsoleAfterReady":false,"outputJSON":false,"buffer":true,"appLogName":"egg-ssr-web.log","coreLogName":"egg-web.log","agentLogName":"egg-agent.log","errorLogName":"common-error.log","coreLogger":{"consoleLevel":"WARN"},"allowDebugAtProd":false,"type":"application"}
2020-04-13 10:42:17,745 INFO 56998 [egg-multipart] stream mode enable
2020-04-13 10:42:17,806 INFO 56998 [egg-static] starting static serve /public/ -> /Users/yanchenyu/github/egg-ssr/app/public
2020-04-13 10:42:17,808 INFO 56998 [egg-security] use csrf middleware
2020-04-13 10:42:17,809 INFO 56998 [egg-security] use methodnoallow middleware
2020-04-13 10:42:17,810 INFO 56998 [egg-security] use noopen middleware
2020-04-13 10:42:17,811 INFO 56998 [egg-security] use nosniff middleware
2020-04-13 10:42:17,812 INFO 56998 [egg-security] use xssProtection middleware
2020-04-13 10:42:17,813 INFO 56998 [egg-security] use xframe middleware
2020-04-13 10:42:17,813 INFO 56998 [egg-security] use dta middleware
2020-04-13 10:42:17,813 INFO 56998 [egg-security] compose 7 middlewares into one security middleware
2020-04-13 10:42:17,824 INFO 56998 [egg:core] dump config after load, 5ms
2020-04-13 10:43:39,663 INFO 57020 [egg:logger] init all loggers with options: {"dir":"/Users/yanchenyu/github/egg-ssr/logs/egg-ssr","encoding":"utf8","env":"local","level":"INFO","consoleLevel":"INFO","disableConsoleAfterReady":false,"outputJSON":false,"buffer":true,"appLogName":"egg-ssr-web.log","coreLogName":"egg-web.log","agentLogName":"egg-agent.log","errorLogName":"common-error.log","coreLogger":{"consoleLevel":"WARN"},"allowDebugAtProd":false,"type":"application"}
2020-04-13 10:43:39,689 INFO 57020 [egg-multipart] stream mode enable
2020-04-13 10:43:39,720 INFO 57020 [egg-static] starting static serve /public/ -> /Users/yanchenyu/github/egg-ssr/app/public
2020-04-13 10:43:39,722 INFO 57020 [egg-security] use csrf middleware
2020-04-13 10:43:39,722 INFO 57020 [egg-security] use methodnoallow middleware
2020-04-13 10:43:39,723 INFO 57020 [egg-security] use noopen middleware
2020-04-13 10:43:39,723 INFO 57020 [egg-security] use nosniff middleware
2020-04-13 10:43:39,723 INFO 57020 [egg-security] use xssProtection middleware
2020-04-13 10:43:39,724 INFO 57020 [egg-security] use xframe middleware
2020-04-13 10:43:39,724 INFO 57020 [egg-security] use dta middleware
2020-04-13 10:43:39,724 INFO 57020 [egg-security] compose 7 middlewares into one security middleware
2020-04-13 10:43:39,732 INFO 57020 [egg:core] dump config after load, 4ms
2020-04-13 10:51:53,175 INFO 57170 [egg:logger] init all loggers with options: {"dir":"/Users/yanchenyu/github/egg-ssr/logs/egg-ssr","encoding":"utf8","env":"local","level":"INFO","consoleLevel":"INFO","disableConsoleAfterReady":false,"outputJSON":false,"buffer":true,"appLogName":"egg-ssr-web.log","coreLogName":"egg-web.log","agentLogName":"egg-agent.log","errorLogName":"common-error.log","coreLogger":{"consoleLevel":"WARN"},"allowDebugAtProd":false,"type":"application"}
2020-04-13 10:51:53,200 INFO 57170 [egg-multipart] stream mode enable
2020-04-13 10:51:53,231 INFO 57170 [egg-static] starting static serve /public/ -> /Users/yanchenyu/github/egg-ssr/app/public
2020-04-13 10:51:53,233 INFO 57170 [egg-security] use csrf middleware
2020-04-13 10:51:53,233 INFO 57170 [egg-security] use methodnoallow middleware
2020-04-13 10:51:53,234 INFO 57170 [egg-security] use noopen middleware
2020-04-13 10:51:53,234 INFO 57170 [egg-security] use nosniff middleware
2020-04-13 10:51:53,234 INFO 57170 [egg-security] use xssProtection middleware
2020-04-13 10:51:53,234 INFO 57170 [egg-security] use xframe middleware
2020-04-13 10:51:53,235 INFO 57170 [egg-security] use dta middleware
2020-04-13 10:51:53,235 INFO 57170 [egg-security] compose 7 middlewares into one security middleware
2020-04-13 10:51:53,242 INFO 57170 [egg:core] dump config after load, 5ms
2020-04-14 18:36:08,367 INFO 75121 [egg:logger] init all loggers with options: {"dir":"/Users/yanchenyu/github/egg-ssr/logs/egg-ssr","encoding":"utf8","env":"local","level":"INFO","consoleLevel":"INFO","disableConsoleAfterReady":false,"outputJSON":false,"buffer":true,"appLogName":"egg-ssr-web.log","coreLogName":"egg-web.log","agentLogName":"egg-agent.log","errorLogName":"common-error.log","coreLogger":{"consoleLevel":"WARN"},"allowDebugAtProd":false,"type":"application"}
2020-04-14 18:36:08,395 INFO 75121 [egg-multipart] stream mode enable
2020-04-14 18:36:08,435 INFO 75121 [egg-static] starting static serve /public/ -> /Users/yanchenyu/github/egg-ssr/app/public
2020-04-14 18:36:08,437 INFO 75121 [egg-security] use csrf middleware
2020-04-14 18:36:08,438 INFO 75121 [egg-security] use methodnoallow middleware
2020-04-14 18:36:08,438 INFO 75121 [egg-security] use noopen middleware
2020-04-14 18:36:08,439 INFO 75121 [egg-security] use nosniff middleware
2020-04-14 18:36:08,439 INFO 75121 [egg-security] use xssProtection middleware
2020-04-14 18:36:08,439 INFO 75121 [egg-security] use xframe middleware
2020-04-14 18:36:08,440 INFO 75121 [egg-security] use dta middleware
2020-04-14 18:36:08,440 INFO 75121 [egg-security] compose 7 middlewares into one security middleware
2020-04-14 18:36:08,450 INFO 75121 [egg:core] dump config after load, 5ms
2020-04-14 18:37:06,150 INFO 75178 [egg:logger] init all loggers with options: {"dir":"/Users/yanchenyu/github/egg-ssr/logs/egg-ssr","encoding":"utf8","env":"local","level":"INFO","consoleLevel":"INFO","disableConsoleAfterReady":false,"outputJSON":false,"buffer":true,"appLogName":"egg-ssr-web.log","coreLogName":"egg-web.log","agentLogName":"egg-agent.log","errorLogName":"common-error.log","coreLogger":{"consoleLevel":"WARN"},"allowDebugAtProd":false,"type":"application"}
2020-04-14 18:37:06,175 INFO 75178 [egg-multipart] stream mode enable
2020-04-14 18:37:06,206 INFO 75178 [egg-static] starting static serve /public/ -> /Users/yanchenyu/github/egg-ssr/app/public
2020-04-14 18:37:06,208 INFO 75178 [egg-security] use csrf middleware
2020-04-14 18:37:06,208 INFO 75178 [egg-security] use methodnoallow middleware
2020-04-14 18:37:06,209 INFO 75178 [egg-security] use noopen middleware
2020-04-14 18:37:06,209 INFO 75178 [egg-security] use nosniff middleware
2020-04-14 18:37:06,209 INFO 75178 [egg-security] use xssProtection middleware
2020-04-14 18:37:06,209 INFO 75178 [egg-security] use xframe middleware
2020-04-14 18:37:06,210 INFO 75178 [egg-security] use dta middleware
2020-04-14 18:37:06,210 INFO 75178 [egg-security] compose 7 middlewares into one security middleware
2020-04-14 18:37:06,217 INFO 75178 [egg:core] dump config after load, 4ms
2020-04-14 18:40:00,560 INFO 75294 [egg:logger] init all loggers with options: {"dir":"/Users/yanchenyu/github/egg-ssr/logs/egg-ssr","encoding":"utf8","env":"local","level":"INFO","consoleLevel":"INFO","disableConsoleAfterReady":false,"outputJSON":false,"buffer":true,"appLogName":"egg-ssr-web.log","coreLogName":"egg-web.log","agentLogName":"egg-agent.log","errorLogName":"common-error.log","coreLogger":{"consoleLevel":"WARN"},"allowDebugAtProd":false,"type":"application"}
2020-04-14 18:40:00,582 INFO 75294 [egg-multipart] stream mode enable
2020-04-14 18:40:00,615 INFO 75294 [egg-static] starting static serve /public/ -> /Users/yanchenyu/github/egg-ssr/app/public
2020-04-14 18:40:00,617 INFO 75294 [egg-security] use csrf middleware
2020-04-14 18:40:00,617 INFO 75294 [egg-security] use methodnoallow middleware
2020-04-14 18:40:00,618 INFO 75294 [egg-security] use noopen middleware
2020-04-14 18:40:00,618 INFO 75294 [egg-security] use nosniff middleware
2020-04-14 18:40:00,618 INFO 75294 [egg-security] use xssProtection middleware
2020-04-14 18:40:00,618 INFO 75294 [egg-security] use xframe middleware
2020-04-14 18:40:00,619 INFO 75294 [egg-security] use dta middleware
2020-04-14 18:40:00,619 INFO 75294 [egg-security] compose 7 middlewares into one security middleware
2020-04-14 18:40:00,625 INFO 75294 [egg:core] dump config after load, 4ms
2020-04-14 18:40:26,743 INFO 75315 [egg:logger] init all loggers with options: {"dir":"/Users/yanchenyu/github/egg-ssr/logs/egg-ssr","encoding":"utf8","env":"local","level":"INFO","consoleLevel":"INFO","disableConsoleAfterReady":false,"outputJSON":false,"buffer":true,"appLogName":"egg-ssr-web.log","coreLogName":"egg-web.log","agentLogName":"egg-agent.log","errorLogName":"common-error.log","coreLogger":{"consoleLevel":"WARN"},"allowDebugAtProd":false,"type":"application"}
2020-04-14 18:40:26,764 INFO 75315 [egg-multipart] stream mode enable
2020-04-14 18:40:26,797 INFO 75315 [egg-static] starting static serve /public/ -> /Users/yanchenyu/github/egg-ssr/app/public
2020-04-14 18:40:26,799 INFO 75315 [egg-security] use csrf middleware
2020-04-14 18:40:26,799 INFO 75315 [egg-security] use methodnoallow middleware
2020-04-14 18:40:26,800 INFO 75315 [egg-security] use noopen middleware
2020-04-14 18:40:26,800 INFO 75315 [egg-security] use nosniff middleware
2020-04-14 18:40:26,800 INFO 75315 [egg-security] use xssProtection middleware
2020-04-14 18:40:26,800 INFO 75315 [egg-security] use xframe middleware
2020-04-14 18:40:26,801 INFO 75315 [egg-security] use dta middleware
2020-04-14 18:40:26,801 INFO 75315 [egg-security] compose 7 middlewares into one security middleware
2020-04-14 18:40:26,807 INFO 75315 [egg:core] dump config after load, 4ms
2020-04-14 18:41:26,881 INFO 75315 [egg:core] dump config after ready, 4ms
2020-04-14 18:42:08,814 INFO 75384 [egg:logger] init all loggers with options: {"dir":"/Users/yanchenyu/github/egg-ssr/logs/egg-ssr","encoding":"utf8","env":"local","level":"INFO","consoleLevel":"INFO","disableConsoleAfterReady":false,"outputJSON":false,"buffer":true,"appLogName":"egg-ssr-web.log","coreLogName":"egg-web.log","agentLogName":"egg-agent.log","errorLogName":"common-error.log","coreLogger":{"consoleLevel":"WARN"},"allowDebugAtProd":false,"type":"application"}
2020-04-14 18:42:08,836 INFO 75384 [egg-multipart] stream mode enable
2020-04-14 18:42:08,869 INFO 75384 [egg-static] starting static serve /public/ -> /Users/yanchenyu/github/egg-ssr/app/public
2020-04-14 18:42:08,871 INFO 75384 [egg-security] use csrf middleware
2020-04-14 18:42:08,871 INFO 75384 [egg-security] use methodnoallow middleware
2020-04-14 18:42:08,872 INFO 75384 [egg-security] use noopen middleware
2020-04-14 18:42:08,872 INFO 75384 [egg-security] use nosniff middleware
2020-04-14 18:42:08,872 INFO 75384 [egg-security] use xssProtection middleware
2020-04-14 18:42:08,872 INFO 75384 [egg-security] use xframe middleware
2020-04-14 18:42:08,873 INFO 75384 [egg-security] use dta middleware
2020-04-14 18:42:08,873 INFO 75384 [egg-security] compose 7 middlewares into one security middleware
2020-04-14 18:42:08,880 INFO 75384 [egg:core] dump config after load, 4ms
